#
# There is insufficient memory for the Java Runtime Environment to continue.
# Native memory allocation (malloc) failed to allocate 1048576 bytes. Error detail: AllocateHeap
# Possible reasons:
#   The system is out of physical RAM or swap space
#   This process is running with CompressedOops enabled, and the Java Heap may be blocking the growth of the native heap
# Possible solutions:
#   Reduce memory load on the system
#   Increase physical memory or swap space
#   Check if swap backing store is full
#   Decrease Java heap size (-Xmx/-Xms)
#   Decrease number of Java threads
#   Decrease Java thread stack sizes (-Xss)
#   Set larger code cache with -XX:ReservedCodeCacheSize=
#   JVM is running with Unscaled Compressed Oops mode in which the Java heap is
#     placed in the first 4GB address space. The Java Heap base address is the
#     maximum limit for the native heap growth. Please use -XX:HeapBaseMinAddress
#     to set the Java Heap base and to place the Java Heap above 4GB virtual address.
# This output file may be truncated or incomplete.
#
#  Out of Memory Error (allocation.cpp:44), pid=44132, tid=43408
#
# JRE version:  (23.0.2+7) (build )
# Java VM: Java HotSpot(TM) 64-Bit Server VM (23.0.2+7-58, mixed mode, sharing, tiered, compressed oops, compressed class ptrs, g1 gc, windows-amd64)
# No core dump will be written. Minidumps are not enabled by default on client versions of Windows
#

---------------  S U M M A R Y ------------

Command Line: com.ismt.assignment2.Assignment2

Host: AMD Ryzen 5 5500U with Radeon Graphics         , 12 cores, 7G,  Windows 11 , 64 bit Build 26100 (10.0.26100.3323)
Time: Thu Apr  3 20:38:49 2025 Nepal Standard Time elapsed time: 1.063891 seconds (0d 0h 0m 1s)

---------------  T H R E A D  ---------------

Current thread (0x000001e5bba4f2b0):  JavaThread "Unknown thread" [_thread_in_vm, id=43408, stack(0x000000b198400000,0x000000b198500000) (1024K)]

Stack: [0x000000b198400000,0x000000b198500000]
Native frames: (J=compiled Java code, j=interpreted, Vv=VM code, C=native code)
V  [jvm.dll+0x6e0b99]  (no source info available)
V  [jvm.dll+0x87e2b3]  (no source info available)
V  [jvm.dll+0x88073e]  (no source info available)
V  [jvm.dll+0x880e13]  (no source info available)
V  [jvm.dll+0x27b006]  (no source info available)
V  [jvm.dll+0xb6a17]  (no source info available)
V  [jvm.dll+0x326bf8]  (no source info available)
V  [jvm.dll+0x844969]  (no source info available)
V  [jvm.dll+0x3b9a08]  (no source info available)
V  [jvm.dll+0x82d68c]  (no source info available)
V  [jvm.dll+0x454f2e]  (no source info available)
V  [jvm.dll+0x456db1]  (no source info available)
C  [jli.dll+0x52a3]  (no source info available)
C  [ucrtbase.dll+0x37b0]  (no source info available)
C  [KERNEL32.DLL+0x2e8d7]  (no source info available)
C  [ntdll.dll+0xbbf6c]  (no source info available)

Lock stack of current Java thread (top to bottom):


---------------  P R O C E S S  ---------------

Threads class SMR info:
_java_thread_list=0x00007ffbca9a4618, length=0, elements={
}

Java Threads: ( => current thread )
Total: 0

Other Threads:

=>0x000001e5bba4f2b0 (exited) JavaThread "Unknown thread"    [_thread_in_vm, id=43408, stack(0x000000b198400000,0x000000b198500000) (1024K)]
Total: 1

Threads with active compile tasks:
Total: 0

VM state: not at safepoint (not fully initialized)

VM Mutex/Monitor currently owned by a thread: None

Heap address: 0x0000000000000000, size: 0 MB, Compressed Oops mode: 32-bit

CDS archive(s) mapped at: [0x0000000000000000-0x0000000000000000-0x0000000000000000), size 0, SharedBaseAddress: 0x0000000800000000, ArchiveRelocationMode: 1.
Narrow klass base: 0x0000000000000000, Narrow klass shift: 0, Narrow klass range: 0x0

GC Precious Log:
 CardTable entry size: 512
 Card Set container configuration: InlinePtr #cards 5 size 8 Array Of Cards #cards 10 size 36 Howl #buckets 4 coarsen threshold 1843 Howl Bitmap #cards 512 size 80 coarsen threshold 460 Card regions per heap region 1 cards per card region 2048

GC Heap History (0 events):
No events

Dll operation events (1 events):
Event: 0.025 Loaded shared library C:\Program Files\Java\jdk-23\bin\java.dll

Deoptimization events (0 events):
No events

Classes loaded (0 events):
No events

Classes unloaded (0 events):
No events

Classes redefined (0 events):
No events

Internal exceptions (0 events):
No events

VM Operations (0 events):
No events

Memory protections (0 events):
No events

Nmethod flushes (0 events):
No events

Events (0 events):
No events


Dynamic libraries:
0x00007ff797300000 - 0x00007ff797310000 	C:\Program Files\Java\jdk-23\bin\java.exe
0x00007ffc3f320000 - 0x00007ffc3f583000 	C:\WINDOWS\SYSTEM32\ntdll.dll
0x00007ffc3df10000 - 0x00007ffc3dfd7000 	C:\WINDOWS\System32\KERNEL32.DLL
0x00007ffc3caa0000 - 0x00007ffc3ce69000 	C:\WINDOWS\System32\KERNELBASE.dll
0x00007ffc3c520000 - 0x00007ffc3c66c000 	C:\WINDOWS\System32\ucrtbase.dll
0x00007ffc22bb0000 - 0x00007ffc22bc7000 	C:\Program Files\Java\jdk-23\bin\jli.dll
0x00007ffc30da0000 - 0x00007ffc30dbb000 	C:\Program Files\Java\jdk-23\bin\VCRUNTIME140.dll
0x00007ffc3dc20000 - 0x00007ffc3ddea000 	C:\WINDOWS\System32\USER32.dll
0x00007ffc3cfc0000 - 0x00007ffc3cfe7000 	C:\WINDOWS\System32\win32u.dll
0x00007ffc22710000 - 0x00007ffc229a0000 	C:\WINDOWS\WinSxS\amd64_microsoft.windows.common-controls_6595b64144ccf1df_6.0.26100.3323_none_3e088096e3344490\COMCTL32.dll
0x00007ffc3e970000 - 0x00007ffc3e99a000 	C:\WINDOWS\System32\GDI32.dll
0x00007ffc3de50000 - 0x00007ffc3def9000 	C:\WINDOWS\System32\msvcrt.dll
0x00007ffc3c670000 - 0x00007ffc3c7a1000 	C:\WINDOWS\System32\gdi32full.dll
0x00007ffc3ce70000 - 0x00007ffc3cf13000 	C:\WINDOWS\System32\msvcp_win.dll
0x00007ffc3dff0000 - 0x00007ffc3e01f000 	C:\WINDOWS\System32\IMM32.DLL
0x00007ffc395a0000 - 0x00007ffc395ac000 	C:\Program Files\Java\jdk-23\bin\vcruntime140_1.dll
0x00007ffc08310000 - 0x00007ffc0839e000 	C:\Program Files\Java\jdk-23\bin\msvcp140.dll
0x00007ffbc9db0000 - 0x00007ffbcab00000 	C:\Program Files\Java\jdk-23\bin\server\jvm.dll
0x00007ffc3e800000 - 0x00007ffc3e8b2000 	C:\WINDOWS\System32\ADVAPI32.dll
0x00007ffc3da90000 - 0x00007ffc3db36000 	C:\WINDOWS\System32\sechost.dll
0x00007ffc3f110000 - 0x00007ffc3f226000 	C:\WINDOWS\System32\RPCRT4.dll
0x00007ffc3e9a0000 - 0x00007ffc3ea14000 	C:\WINDOWS\System32\WS2_32.dll
0x00007ffc34740000 - 0x00007ffc34776000 	C:\WINDOWS\SYSTEM32\WINMM.dll
0x00007ffc34780000 - 0x00007ffc3478b000 	C:\WINDOWS\SYSTEM32\VERSION.dll
0x00007ffc3c300000 - 0x00007ffc3c34e000 	C:\WINDOWS\SYSTEM32\POWRPROF.dll
0x00007ffc3c2e0000 - 0x00007ffc3c2f4000 	C:\WINDOWS\SYSTEM32\UMPDC.dll
0x00007ffc3b2e0000 - 0x00007ffc3b2fa000 	C:\WINDOWS\SYSTEM32\kernel.appcore.dll
0x00007ffc35280000 - 0x00007ffc3528a000 	C:\Program Files\Java\jdk-23\bin\jimage.dll
0x00007ffc30930000 - 0x00007ffc30b71000 	C:\WINDOWS\SYSTEM32\DBGHELP.DLL
0x00007ffc3e040000 - 0x00007ffc3e3c2000 	C:\WINDOWS\System32\combase.dll
0x00007ffc3db40000 - 0x00007ffc3dc16000 	C:\WINDOWS\System32\OLEAUT32.dll
0x00007ffc1dd10000 - 0x00007ffc1dd49000 	C:\WINDOWS\SYSTEM32\dbgcore.DLL
0x00007ffc3cf20000 - 0x00007ffc3cfb9000 	C:\WINDOWS\System32\bcryptPrimitives.dll
0x00007ffc30800000 - 0x00007ffc3081e000 	C:\Program Files\Java\jdk-23\bin\java.dll
0x00007ffc3e3d0000 - 0x00007ffc3e565000 	C:\WINDOWS\System32\ole32.dll
0x00007ffc3d320000 - 0x00007ffc3da35000 	C:\WINDOWS\System32\SHELL32.dll
0x00007ffc3c7b0000 - 0x00007ffc3c918000 	C:\WINDOWS\System32\wintypes.dll

dbghelp: loaded successfully - version: 4.0.5 - missing functions: none
symbol engine: initialized successfully - sym options: 0x614 - pdb path: .;C:\Program Files\Java\jdk-23\bin;C:\WINDOWS\SYSTEM32;C:\WINDOWS\WinSxS\amd64_microsoft.windows.common-controls_6595b64144ccf1df_6.0.26100.3323_none_3e088096e3344490;C:\Program Files\Java\jdk-23\bin\server

VM Arguments:
java_command: com.ismt.assignment2.Assignment2
java_class_path (initial): C:\Users\HP\Desktop\ismt_sem1_assignment2-main\target\classes
Launcher Type: SUN_STANDARD

[Global flags]
     intx CICompilerCount                          = 4                                         {product} {ergonomic}
     uint ConcGCThreads                            = 3                                         {product} {ergonomic}
     uint G1ConcRefinementThreads                  = 10                                        {product} {ergonomic}
   size_t G1HeapRegionSize                         = 1048576                                   {product} {ergonomic}
   size_t InitialHeapSize                          = 123731968                                 {product} {ergonomic}
   size_t MarkStackSize                            = 4194304                                   {product} {ergonomic}
   size_t MaxHeapSize                              = 1967128576                                {product} {ergonomic}
   size_t MinHeapDeltaBytes                        = 1048576                                   {product} {ergonomic}
   size_t MinHeapSize                              = 8388608                                   {product} {ergonomic}
    uintx NonNMethodCodeHeapSize                   = 5832704                                {pd product} {ergonomic}
    uintx NonProfiledCodeHeapSize                  = 122945536                              {pd product} {ergonomic}
    uintx ProfiledCodeHeapSize                     = 122880000                              {pd product} {ergonomic}
    uintx ReservedCodeCacheSize                    = 251658240                              {pd product} {ergonomic}
     bool SegmentedCodeCache                       = true                                      {product} {ergonomic}
   size_t SoftMaxHeapSize                          = 1967128576                             {manageable} {ergonomic}
     bool UseCompressedOops                        = true                           {product lp64_product} {ergonomic}
     bool UseG1GC                                  = true                                      {product} {ergonomic}
     bool UseLargePagesIndividualAllocation        = false                                  {pd product} {ergonomic}

Logging:
Log output configuration:
 #0: stdout all=warning uptime,level,tags foldmultilines=false
 #1: stderr all=off uptime,level,tags foldmultilines=false

Environment Variables:
JAVA_HOME=C:\Program Files\Java\jdk-23
PATH=C:\Program Files (x86)\VMware\VMware Player\bin\;C:\Program Files\Common Files\Oracle\Java\javapath;C:\WINDOWS\system32;C:\WINDOWS;C:\WINDOWS\System32\Wbem;C:\WINDOWS\System32\WindowsPowerShell\v1.0\;C:\WINDOWS\System32\OpenSSH\;C:\Program Files\nodejs\;C:\Program Files\Git\cmd;C:\Users\HP\AppData\Local\Programs\Python\Python314\Scripts\;C:\Users\HP\AppData\Local\Programs\Python\Python314\;C:\Users\HP\AppData\Local\Programs\Python\Launcher\;C:\Users\HP\AppData\Local\Microsoft\WindowsApps;C:\Users\HP\AppData\Roaming\npm;C:\Users\HP\AppData\Local\Programs\Microsoft VS Code\bin;
USERNAME=HP
OS=Windows_NT
PROCESSOR_IDENTIFIER=AMD64 Family 23 Model 104 Stepping 1, AuthenticAMD
TMP=C:\Users\HP\AppData\Local\Temp
TEMP=C:\Users\HP\AppData\Local\Temp




Periodic native trim disabled

---------------  S Y S T E M  ---------------

OS:
 Windows 11 , 64 bit Build 26100 (10.0.26100.3323)
OS uptime: 13 days 15:23 hours
Hyper-V role detected

CPU: total 12 (initial active 12) (12 cores per cpu, 2 threads per core) family 23 model 104 stepping 1 microcode 0x8608107, cx8, cmov, fxsr, ht, mmx, 3dnowpref, sse, sse2, sse3, ssse3, sse4a, sse4.1, sse4.2, popcnt, lzcnt, tsc, tscinvbit, avx, avx2, aes, clmul, bmi1, bmi2, adx, sha, fma, vzeroupper, clflush, clflushopt, hv, rdtscp, rdpid, f16c
Processor Information for processor 0
  Max Mhz: 2100, Current Mhz: 2100, Mhz Limit: 2100
Processor Information for processor 1
  Max Mhz: 2100, Current Mhz: 2100, Mhz Limit: 2100
Processor Information for processor 2
  Max Mhz: 2100, Current Mhz: 1813, Mhz Limit: 2100
Processor Information for processor 3
  Max Mhz: 2100, Current Mhz: 1813, Mhz Limit: 2100
Processor Information for processor 4
  Max Mhz: 2100, Current Mhz: 2100, Mhz Limit: 2100
Processor Information for processor 5
  Max Mhz: 2100, Current Mhz: 2100, Mhz Limit: 2100
Processor Information for processor 6
  Max Mhz: 2100, Current Mhz: 1813, Mhz Limit: 2100
Processor Information for processor 7
  Max Mhz: 2100, Current Mhz: 2100, Mhz Limit: 2100
Processor Information for processor 8
  Max Mhz: 2100, Current Mhz: 2100, Mhz Limit: 2100
Processor Information for processor 9
  Max Mhz: 2100, Current Mhz: 2100, Mhz Limit: 2100
Processor Information for processor 10
  Max Mhz: 2100, Current Mhz: 1813, Mhz Limit: 2100
Processor Information for processor 11
  Max Mhz: 2100, Current Mhz: 1813, Mhz Limit: 2100

Memory: 4k page, system-wide physical 7501M (972M free)
TotalPageFile size 19789M (AvailPageFile size 38M)
current process WorkingSet (physical memory assigned to process): 12M, peak: 12M
current process commit charge ("private bytes"): 15M, peak: 16M

vm_info: Java HotSpot(TM) 64-Bit Server VM (23.0.2+7-58) for windows-amd64 JRE (23.0.2+7-58), built on 2024-11-29T09:34:55Z with MS VC++ 17.6 (VS2022)

END.
