#
# There is insufficient memory for the Java Runtime Environment to continue.
# Native memory allocation (malloc) failed to allocate 401648 bytes. Error detail: Chunk::new
# Possible reasons:
#   The system is out of physical RAM or swap space
#   This process is running with CompressedOops enabled, and the Java Heap may be blocking the growth of the native heap
# Possible solutions:
#   Reduce memory load on the system
#   Increase physical memory or swap space
#   Check if swap backing store is full
#   Decrease Java heap size (-Xmx/-Xms)
#   Decrease number of Java threads
#   Decrease Java thread stack sizes (-Xss)
#   Set larger code cache with -XX:ReservedCodeCacheSize=
#   JVM is running with Unscaled Compressed Oops mode in which the Java heap is
#     placed in the first 4GB address space. The Java Heap base address is the
#     maximum limit for the native heap growth. Please use -XX:HeapBaseMinAddress
#     to set the Java Heap base and to place the Java Heap above 4GB virtual address.
# This output file may be truncated or incomplete.
#
#  Out of Memory Error (arena.cpp:149), pid=17492, tid=33512
#
# JRE version: Java(TM) SE Runtime Environment (23.0.2+7) (build 23.0.2+7-58)
# Java VM: Java HotSpot(TM) 64-Bit Server VM (23.0.2+7-58, mixed mode, sharing, tiered, compressed oops, compressed class ptrs, g1 gc, windows-amd64)
# No core dump will be written. Minidumps are not enabled by default on client versions of Windows
#

---------------  S U M M A R Y ------------

Command Line: -Dclassworlds.conf=C:\Program Files\NetBeans-24\netbeans\java\maven\bin\m2.conf -Dmaven.home=C:\Program Files\NetBeans-24\netbeans\java\maven -Dlibrary.jansi.path=C:\Program Files\NetBeans-24\netbeans\java\maven\lib\jansi-native -Dmaven.multiModuleProjectDirectory=C:\Users\HP\Desktop\ismt_sem1_assignment2-main org.codehaus.plexus.classworlds.launcher.Launcher -Dexec.vmArgs= -Dexec.args=${exec.vmArgs} -classpath %classpath ${exec.mainClass} ${exec.appArgs} -Dexec.appArgs= -Dexec.mainClass=com.ismt.assignment2.Assignment2 -Dexec.executable=C:\Program Files\Java\jdk-23\bin\java.exe -Dmaven.ext.class.path=C:\Program Files\NetBeans-24\netbeans\java\maven-nblib\netbeans-eventspy.jar --no-transfer-progress process-classes org.codehaus.mojo:exec-maven-plugin:3.1.0:exec

Host: AMD Ryzen 5 5500U with Radeon Graphics         , 12 cores, 7G,  Windows 11 , 64 bit Build 26100 (10.0.26100.3323)
Time: Thu Apr  3 20:36:38 2025 Nepal Standard Time elapsed time: 5.424638 seconds (0d 0h 0m 5s)

---------------  T H R E A D  ---------------

Current thread (0x000001edff1a6e60):  JavaThread "C2 CompilerThread0" daemon [_thread_in_native, id=33512, stack(0x0000004e58900000,0x0000004e58a00000) (1024K)]


Current CompileTask:
C2:5424 1784       4       jdk.internal.loader.URLClassPath::getResource (74 bytes)

Stack: [0x0000004e58900000,0x0000004e58a00000]
Native frames: (J=compiled Java code, j=interpreted, Vv=VM code, C=native code)
V  [jvm.dll+0x6e0b99]  (no source info available)
V  [jvm.dll+0x87e2b3]  (no source info available)
V  [jvm.dll+0x88073e]  (no source info available)
V  [jvm.dll+0x880e13]  (no source info available)
V  [jvm.dll+0x27b006]  (no source info available)
V  [jvm.dll+0xbc06f]  (no source info available)
V  [jvm.dll+0xbc2cb]  (no source info available)
V  [jvm.dll+0x3b3c5c]  (no source info available)
V  [jvm.dll+0x38a55b]  (no source info available)
V  [jvm.dll+0x3899ca]  (no source info available)
V  [jvm.dll+0x244ba1]  (no source info available)
V  [jvm.dll+0x243eff]  (no source info available)
V  [jvm.dll+0x1c34b0]  (no source info available)
V  [jvm.dll+0x253df1]  (no source info available)
V  [jvm.dll+0x2520aa]  (no source info available)
V  [jvm.dll+0x3ee226]  (no source info available)
V  [jvm.dll+0x8254cb]  (no source info available)
V  [jvm.dll+0x6df345]  (no source info available)
C  [ucrtbase.dll+0x37b0]  (no source info available)
C  [KERNEL32.DLL+0x2e8d7]  (no source info available)
C  [ntdll.dll+0xbbf6c]  (no source info available)

Lock stack of current Java thread (top to bottom):


---------------  P R O C E S S  ---------------

Threads class SMR info:
_java_thread_list=0x000001ede105f2e0, length=12, elements={
0x000001edfd7df570, 0x000001edff19a250, 0x000001edff19c830, 0x000001edff1a01a0,
0x000001edff1a0c00, 0x000001edff1a1660, 0x000001edff1a20c0, 0x000001edff1a6e60,
0x000001edff1d7a90, 0x000001ed9b4f6cf0, 0x000001ed9b501b90, 0x000001ede17f78a0
}

Java Threads: ( => current thread )
  0x000001edfd7df570 JavaThread "main"                              [_thread_in_native, id=39764, stack(0x0000004e57b00000,0x0000004e57c00000) (1024K)]
  0x000001edff19a250 JavaThread "Reference Handler"          daemon [_thread_blocked, id=6832, stack(0x0000004e58300000,0x0000004e58400000) (1024K)]
  0x000001edff19c830 JavaThread "Finalizer"                  daemon [_thread_blocked, id=42364, stack(0x0000004e58400000,0x0000004e58500000) (1024K)]
  0x000001edff1a01a0 JavaThread "Signal Dispatcher"          daemon [_thread_blocked, id=38088, stack(0x0000004e58500000,0x0000004e58600000) (1024K)]
  0x000001edff1a0c00 JavaThread "Attach Listener"            daemon [_thread_blocked, id=42868, stack(0x0000004e58600000,0x0000004e58700000) (1024K)]
  0x000001edff1a1660 JavaThread "Service Thread"             daemon [_thread_blocked, id=27476, stack(0x0000004e58700000,0x0000004e58800000) (1024K)]
  0x000001edff1a20c0 JavaThread "Monitor Deflation Thread"   daemon [_thread_blocked, id=43988, stack(0x0000004e58800000,0x0000004e58900000) (1024K)]
=>0x000001edff1a6e60 JavaThread "C2 CompilerThread0"         daemon [_thread_in_native, id=33512, stack(0x0000004e58900000,0x0000004e58a00000) (1024K)]
  0x000001edff1d7a90 JavaThread "C1 CompilerThread0"         daemon [_thread_blocked, id=22740, stack(0x0000004e58a00000,0x0000004e58b00000) (1024K)]
  0x000001ed9b4f6cf0 JavaThread "Notification Thread"        daemon [_thread_blocked, id=14972, stack(0x0000004e58b00000,0x0000004e58c00000) (1024K)]
  0x000001ed9b501b90 JavaThread "Common-Cleaner"             daemon [_thread_blocked, id=15412, stack(0x0000004e58c00000,0x0000004e58d00000) (1024K)]
  0x000001ede17f78a0 JavaThread "C2 CompilerThread1"         daemon [_thread_blocked, id=31096, stack(0x0000004e58d00000,0x0000004e58e00000) (1024K)]
Total: 12

Other Threads:
  0x000001edff17de20 VMThread "VM Thread"                           [id=40520, stack(0x0000004e58200000,0x0000004e58300000) (1024K)]
  0x000001edff167760 WatcherThread "VM Periodic Task Thread"        [id=12444, stack(0x0000004e58100000,0x0000004e58200000) (1024K)]
  0x000001edfd82e940 WorkerThread "GC Thread#0"                     [id=46064, stack(0x0000004e57c00000,0x0000004e57d00000) (1024K)]
  0x000001ede17a7aa0 WorkerThread "GC Thread#1"                     [id=12792, stack(0x0000004e58e00000,0x0000004e58f00000) (1024K)]
  0x000001ede1a49830 WorkerThread "GC Thread#2"                     [id=31436, stack(0x0000004e58f00000,0x0000004e59000000) (1024K)]
  0x000001ede19766b0 WorkerThread "GC Thread#3"                     [id=37836, stack(0x0000004e59000000,0x0000004e59100000) (1024K)]
  0x000001ede1976a60 WorkerThread "GC Thread#4"                     [id=6884, stack(0x0000004e59100000,0x0000004e59200000) (1024K)]
  0x000001ede1977210 WorkerThread "GC Thread#5"                     [id=11800, stack(0x0000004e59200000,0x0000004e59300000) (1024K)]
  0x000001ede1977bd0 WorkerThread "GC Thread#6"                     [id=2008, stack(0x0000004e59300000,0x0000004e59400000) (1024K)]
  0x000001ede1977820 WorkerThread "GC Thread#7"                     [id=45888, stack(0x0000004e59400000,0x0000004e59500000) (1024K)]
  0x000001edfd842ce0 ConcurrentGCThread "G1 Main Marker"            [id=4208, stack(0x0000004e57d00000,0x0000004e57e00000) (1024K)]
  0x000001edfd843ea0 WorkerThread "G1 Conc#0"                       [id=43720, stack(0x0000004e57e00000,0x0000004e57f00000) (1024K)]
  0x000001edff039150 ConcurrentGCThread "G1 Refine#0"               [id=38796, stack(0x0000004e57f00000,0x0000004e58000000) (1024K)]
  0x000001edff039be0 ConcurrentGCThread "G1 Service"                [id=34248, stack(0x0000004e58000000,0x0000004e58100000) (1024K)]
Total: 14

Threads with active compile tasks:
C2 CompilerThread0  5486 1784       4       jdk.internal.loader.URLClassPath::getResource (74 bytes)
Total: 1

VM state: not at safepoint (normal execution)

VM Mutex/Monitor currently owned by a thread: None

Heap address: 0x000000008ac00000, size: 1876 MB, Compressed Oops mode: 32-bit

CDS archive(s) mapped at: [0x000001ed9c000000-0x000001ed9cd70000-0x000001ed9cd70000), size 14090240, SharedBaseAddress: 0x000001ed9c000000, ArchiveRelocationMode: 1.
Compressed class space mapped at: 0x000001ed9d000000-0x000001eddd000000, reserved size: 1073741824
Narrow klass base: 0x000001ed9c000000, Narrow klass shift: 0, Narrow klass range: 0x41000000

GC Precious Log:
 CardTable entry size: 512
 Card Set container configuration: InlinePtr #cards 5 size 8 Array Of Cards #cards 10 size 36 Howl #buckets 4 coarsen threshold 1843 Howl Bitmap #cards 512 size 80 coarsen threshold 460 Card regions per heap region 1 cards per card region 2048
 CPUs: 12 total, 12 available
 Memory: 7501M
 Large Page Support: Disabled
 NUMA Support: Disabled
 Compressed Oops: Enabled (32-bit)
 Heap Region Size: 1M
 Heap Min Capacity: 8M
 Heap Initial Capacity: 118M
 Heap Max Capacity: 1876M
 Pre-touch: Disabled
 Parallel Workers: 10
 Concurrent Workers: 3
 Concurrent Refinement Workers: 10
 Periodic GC: Disabled

Heap:
 garbage-first heap   total reserved 1921024K, committed 120832K, used 25456K [0x000000008ac00000, 0x0000000100000000)
  region size 1024K, 25 young (25600K), 3 survivors (3072K)
 Metaspace       used 8371K, committed 8512K, reserved 1114112K
  class space    used 1005K, committed 1088K, reserved 1048576K

Heap Regions: E=young(eden), S=young(survivor), O=old, HS=humongous(starts), HC=humongous(continues), CS=collection set, F=free, TAMS=top-at-mark-start, PB=parsable bottom
|   0|0x000000008ac00000, 0x000000008acdc000, 0x000000008ad00000| 85%| O|  |TAMS 0x000000008ac00000| PB 0x000000008ac00000| Untracked |  0
|   1|0x000000008ad00000, 0x000000008ad00000, 0x000000008ae00000|  0%| F|  |TAMS 0x000000008ad00000| PB 0x000000008ad00000| Untracked |  0
|   2|0x000000008ae00000, 0x000000008ae00000, 0x000000008af00000|  0%| F|  |TAMS 0x000000008ae00000| PB 0x000000008ae00000| Untracked |  0
|   3|0x000000008af00000, 0x000000008af00000, 0x000000008b000000|  0%| F|  |TAMS 0x000000008af00000| PB 0x000000008af00000| Untracked |  0
|   4|0x000000008b000000, 0x000000008b000000, 0x000000008b100000|  0%| F|  |TAMS 0x000000008b000000| PB 0x000000008b000000| Untracked |  0
|   5|0x000000008b100000, 0x000000008b100000, 0x000000008b200000|  0%| F|  |TAMS 0x000000008b100000| PB 0x000000008b100000| Untracked |  0
|   6|0x000000008b200000, 0x000000008b200000, 0x000000008b300000|  0%| F|  |TAMS 0x000000008b200000| PB 0x000000008b200000| Untracked |  0
|   7|0x000000008b300000, 0x000000008b300000, 0x000000008b400000|  0%| F|  |TAMS 0x000000008b300000| PB 0x000000008b300000| Untracked |  0
|   8|0x000000008b400000, 0x000000008b400000, 0x000000008b500000|  0%| F|  |TAMS 0x000000008b400000| PB 0x000000008b400000| Untracked |  0
|   9|0x000000008b500000, 0x000000008b500000, 0x000000008b600000|  0%| F|  |TAMS 0x000000008b500000| PB 0x000000008b500000| Untracked |  0
|  10|0x000000008b600000, 0x000000008b600000, 0x000000008b700000|  0%| F|  |TAMS 0x000000008b600000| PB 0x000000008b600000| Untracked |  0
|  11|0x000000008b700000, 0x000000008b700000, 0x000000008b800000|  0%| F|  |TAMS 0x000000008b700000| PB 0x000000008b700000| Untracked |  0
|  12|0x000000008b800000, 0x000000008b800000, 0x000000008b900000|  0%| F|  |TAMS 0x000000008b800000| PB 0x000000008b800000| Untracked |  0
|  13|0x000000008b900000, 0x000000008b900000, 0x000000008ba00000|  0%| F|  |TAMS 0x000000008b900000| PB 0x000000008b900000| Untracked |  0
|  14|0x000000008ba00000, 0x000000008ba00000, 0x000000008bb00000|  0%| F|  |TAMS 0x000000008ba00000| PB 0x000000008ba00000| Untracked |  0
|  15|0x000000008bb00000, 0x000000008bb00000, 0x000000008bc00000|  0%| F|  |TAMS 0x000000008bb00000| PB 0x000000008bb00000| Untracked |  0
|  16|0x000000008bc00000, 0x000000008bc00000, 0x000000008bd00000|  0%| F|  |TAMS 0x000000008bc00000| PB 0x000000008bc00000| Untracked |  0
|  17|0x000000008bd00000, 0x000000008bd00000, 0x000000008be00000|  0%| F|  |TAMS 0x000000008bd00000| PB 0x000000008bd00000| Untracked |  0
|  18|0x000000008be00000, 0x000000008be00000, 0x000000008bf00000|  0%| F|  |TAMS 0x000000008be00000| PB 0x000000008be00000| Untracked |  0
|  19|0x000000008bf00000, 0x000000008bf00000, 0x000000008c000000|  0%| F|  |TAMS 0x000000008bf00000| PB 0x000000008bf00000| Untracked |  0
|  20|0x000000008c000000, 0x000000008c000000, 0x000000008c100000|  0%| F|  |TAMS 0x000000008c000000| PB 0x000000008c000000| Untracked |  0
|  21|0x000000008c100000, 0x000000008c100000, 0x000000008c200000|  0%| F|  |TAMS 0x000000008c100000| PB 0x000000008c100000| Untracked |  0
|  22|0x000000008c200000, 0x000000008c200000, 0x000000008c300000|  0%| F|  |TAMS 0x000000008c200000| PB 0x000000008c200000| Untracked |  0
|  23|0x000000008c300000, 0x000000008c300000, 0x000000008c400000|  0%| F|  |TAMS 0x000000008c300000| PB 0x000000008c300000| Untracked |  0
|  24|0x000000008c400000, 0x000000008c400000, 0x000000008c500000|  0%| F|  |TAMS 0x000000008c400000| PB 0x000000008c400000| Untracked |  0
|  25|0x000000008c500000, 0x000000008c500000, 0x000000008c600000|  0%| F|  |TAMS 0x000000008c500000| PB 0x000000008c500000| Untracked |  0
|  26|0x000000008c600000, 0x000000008c600000, 0x000000008c700000|  0%| F|  |TAMS 0x000000008c600000| PB 0x000000008c600000| Untracked |  0
|  27|0x000000008c700000, 0x000000008c700000, 0x000000008c800000|  0%| F|  |TAMS 0x000000008c700000| PB 0x000000008c700000| Untracked |  0
|  28|0x000000008c800000, 0x000000008c800000, 0x000000008c900000|  0%| F|  |TAMS 0x000000008c800000| PB 0x000000008c800000| Untracked |  0
|  29|0x000000008c900000, 0x000000008c900000, 0x000000008ca00000|  0%| F|  |TAMS 0x000000008c900000| PB 0x000000008c900000| Untracked |  0
|  30|0x000000008ca00000, 0x000000008ca00000, 0x000000008cb00000|  0%| F|  |TAMS 0x000000008ca00000| PB 0x000000008ca00000| Untracked |  0
|  31|0x000000008cb00000, 0x000000008cb00000, 0x000000008cc00000|  0%| F|  |TAMS 0x000000008cb00000| PB 0x000000008cb00000| Untracked |  0
|  32|0x000000008cc00000, 0x000000008cc00000, 0x000000008cd00000|  0%| F|  |TAMS 0x000000008cc00000| PB 0x000000008cc00000| Untracked |  0
|  33|0x000000008cd00000, 0x000000008cd00000, 0x000000008ce00000|  0%| F|  |TAMS 0x000000008cd00000| PB 0x000000008cd00000| Untracked |  0
|  34|0x000000008ce00000, 0x000000008ce00000, 0x000000008cf00000|  0%| F|  |TAMS 0x000000008ce00000| PB 0x000000008ce00000| Untracked |  0
|  35|0x000000008cf00000, 0x000000008cf00000, 0x000000008d000000|  0%| F|  |TAMS 0x000000008cf00000| PB 0x000000008cf00000| Untracked |  0
|  36|0x000000008d000000, 0x000000008d000000, 0x000000008d100000|  0%| F|  |TAMS 0x000000008d000000| PB 0x000000008d000000| Untracked |  0
|  37|0x000000008d100000, 0x000000008d100000, 0x000000008d200000|  0%| F|  |TAMS 0x000000008d100000| PB 0x000000008d100000| Untracked |  0
|  38|0x000000008d200000, 0x000000008d200000, 0x000000008d300000|  0%| F|  |TAMS 0x000000008d200000| PB 0x000000008d200000| Untracked |  0
|  39|0x000000008d300000, 0x000000008d300000, 0x000000008d400000|  0%| F|  |TAMS 0x000000008d300000| PB 0x000000008d300000| Untracked |  0
|  40|0x000000008d400000, 0x000000008d400000, 0x000000008d500000|  0%| F|  |TAMS 0x000000008d400000| PB 0x000000008d400000| Untracked |  0
|  41|0x000000008d500000, 0x000000008d500000, 0x000000008d600000|  0%| F|  |TAMS 0x000000008d500000| PB 0x000000008d500000| Untracked |  0
|  42|0x000000008d600000, 0x000000008d600000, 0x000000008d700000|  0%| F|  |TAMS 0x000000008d600000| PB 0x000000008d600000| Untracked |  0
|  43|0x000000008d700000, 0x000000008d700000, 0x000000008d800000|  0%| F|  |TAMS 0x000000008d700000| PB 0x000000008d700000| Untracked |  0
|  44|0x000000008d800000, 0x000000008d800000, 0x000000008d900000|  0%| F|  |TAMS 0x000000008d800000| PB 0x000000008d800000| Untracked |  0
|  45|0x000000008d900000, 0x000000008d900000, 0x000000008da00000|  0%| F|  |TAMS 0x000000008d900000| PB 0x000000008d900000| Untracked |  0
|  46|0x000000008da00000, 0x000000008da00000, 0x000000008db00000|  0%| F|  |TAMS 0x000000008da00000| PB 0x000000008da00000| Untracked |  0
|  47|0x000000008db00000, 0x000000008db00000, 0x000000008dc00000|  0%| F|  |TAMS 0x000000008db00000| PB 0x000000008db00000| Untracked |  0
|  48|0x000000008dc00000, 0x000000008dc00000, 0x000000008dd00000|  0%| F|  |TAMS 0x000000008dc00000| PB 0x000000008dc00000| Untracked |  0
|  49|0x000000008dd00000, 0x000000008dd00000, 0x000000008de00000|  0%| F|  |TAMS 0x000000008dd00000| PB 0x000000008dd00000| Untracked |  0
|  50|0x000000008de00000, 0x000000008de00000, 0x000000008df00000|  0%| F|  |TAMS 0x000000008de00000| PB 0x000000008de00000| Untracked |  0
|  51|0x000000008df00000, 0x000000008df00000, 0x000000008e000000|  0%| F|  |TAMS 0x000000008df00000| PB 0x000000008df00000| Untracked |  0
|  52|0x000000008e000000, 0x000000008e000000, 0x000000008e100000|  0%| F|  |TAMS 0x000000008e000000| PB 0x000000008e000000| Untracked |  0
|  53|0x000000008e100000, 0x000000008e100000, 0x000000008e200000|  0%| F|  |TAMS 0x000000008e100000| PB 0x000000008e100000| Untracked |  0
|  54|0x000000008e200000, 0x000000008e200000, 0x000000008e300000|  0%| F|  |TAMS 0x000000008e200000| PB 0x000000008e200000| Untracked |  0
|  55|0x000000008e300000, 0x000000008e300000, 0x000000008e400000|  0%| F|  |TAMS 0x000000008e300000| PB 0x000000008e300000| Untracked |  0
|  56|0x000000008e400000, 0x000000008e400000, 0x000000008e500000|  0%| F|  |TAMS 0x000000008e400000| PB 0x000000008e400000| Untracked |  0
|  57|0x000000008e500000, 0x000000008e500000, 0x000000008e600000|  0%| F|  |TAMS 0x000000008e500000| PB 0x000000008e500000| Untracked |  0
|  58|0x000000008e600000, 0x000000008e600000, 0x000000008e700000|  0%| F|  |TAMS 0x000000008e600000| PB 0x000000008e600000| Untracked |  0
|  59|0x000000008e700000, 0x000000008e700000, 0x000000008e800000|  0%| F|  |TAMS 0x000000008e700000| PB 0x000000008e700000| Untracked |  0
|  60|0x000000008e800000, 0x000000008e800000, 0x000000008e900000|  0%| F|  |TAMS 0x000000008e800000| PB 0x000000008e800000| Untracked |  0
|  61|0x000000008e900000, 0x000000008e900000, 0x000000008ea00000|  0%| F|  |TAMS 0x000000008e900000| PB 0x000000008e900000| Untracked |  0
|  62|0x000000008ea00000, 0x000000008ea00000, 0x000000008eb00000|  0%| F|  |TAMS 0x000000008ea00000| PB 0x000000008ea00000| Untracked |  0
|  63|0x000000008eb00000, 0x000000008eb00000, 0x000000008ec00000|  0%| F|  |TAMS 0x000000008eb00000| PB 0x000000008eb00000| Untracked |  0
|  64|0x000000008ec00000, 0x000000008ec00000, 0x000000008ed00000|  0%| F|  |TAMS 0x000000008ec00000| PB 0x000000008ec00000| Untracked |  0
|  65|0x000000008ed00000, 0x000000008ed00000, 0x000000008ee00000|  0%| F|  |TAMS 0x000000008ed00000| PB 0x000000008ed00000| Untracked |  0
|  66|0x000000008ee00000, 0x000000008ee00000, 0x000000008ef00000|  0%| F|  |TAMS 0x000000008ee00000| PB 0x000000008ee00000| Untracked |  0
|  67|0x000000008ef00000, 0x000000008ef00000, 0x000000008f000000|  0%| F|  |TAMS 0x000000008ef00000| PB 0x000000008ef00000| Untracked |  0
|  68|0x000000008f000000, 0x000000008f000000, 0x000000008f100000|  0%| F|  |TAMS 0x000000008f000000| PB 0x000000008f000000| Untracked |  0
|  69|0x000000008f100000, 0x000000008f100000, 0x000000008f200000|  0%| F|  |TAMS 0x000000008f100000| PB 0x000000008f100000| Untracked |  0
|  70|0x000000008f200000, 0x000000008f200000, 0x000000008f300000|  0%| F|  |TAMS 0x000000008f200000| PB 0x000000008f200000| Untracked |  0
|  71|0x000000008f300000, 0x000000008f300000, 0x000000008f400000|  0%| F|  |TAMS 0x000000008f300000| PB 0x000000008f300000| Untracked |  0
|  72|0x000000008f400000, 0x000000008f400000, 0x000000008f500000|  0%| F|  |TAMS 0x000000008f400000| PB 0x000000008f400000| Untracked |  0
|  73|0x000000008f500000, 0x000000008f500000, 0x000000008f600000|  0%| F|  |TAMS 0x000000008f500000| PB 0x000000008f500000| Untracked |  0
|  74|0x000000008f600000, 0x000000008f600000, 0x000000008f700000|  0%| F|  |TAMS 0x000000008f600000| PB 0x000000008f600000| Untracked |  0
|  75|0x000000008f700000, 0x000000008f700000, 0x000000008f800000|  0%| F|  |TAMS 0x000000008f700000| PB 0x000000008f700000| Untracked |  0
|  76|0x000000008f800000, 0x000000008f800000, 0x000000008f900000|  0%| F|  |TAMS 0x000000008f800000| PB 0x000000008f800000| Untracked |  0
|  77|0x000000008f900000, 0x000000008f900000, 0x000000008fa00000|  0%| F|  |TAMS 0x000000008f900000| PB 0x000000008f900000| Untracked |  0
|  78|0x000000008fa00000, 0x000000008fa00000, 0x000000008fb00000|  0%| F|  |TAMS 0x000000008fa00000| PB 0x000000008fa00000| Untracked |  0
|  79|0x000000008fb00000, 0x000000008fb00000, 0x000000008fc00000|  0%| F|  |TAMS 0x000000008fb00000| PB 0x000000008fb00000| Untracked |  0
|  80|0x000000008fc00000, 0x000000008fc00000, 0x000000008fd00000|  0%| F|  |TAMS 0x000000008fc00000| PB 0x000000008fc00000| Untracked |  0
|  81|0x000000008fd00000, 0x000000008fd00000, 0x000000008fe00000|  0%| F|  |TAMS 0x000000008fd00000| PB 0x000000008fd00000| Untracked |  0
|  82|0x000000008fe00000, 0x000000008fe00000, 0x000000008ff00000|  0%| F|  |TAMS 0x000000008fe00000| PB 0x000000008fe00000| Untracked |  0
|  83|0x000000008ff00000, 0x000000008ff00000, 0x0000000090000000|  0%| F|  |TAMS 0x000000008ff00000| PB 0x000000008ff00000| Untracked |  0
|  84|0x0000000090000000, 0x0000000090000000, 0x0000000090100000|  0%| F|  |TAMS 0x0000000090000000| PB 0x0000000090000000| Untracked |  0
|  85|0x0000000090100000, 0x0000000090100000, 0x0000000090200000|  0%| F|  |TAMS 0x0000000090100000| PB 0x0000000090100000| Untracked |  0
|  86|0x0000000090200000, 0x0000000090200000, 0x0000000090300000|  0%| F|  |TAMS 0x0000000090200000| PB 0x0000000090200000| Untracked |  0
|  87|0x0000000090300000, 0x0000000090300000, 0x0000000090400000|  0%| F|  |TAMS 0x0000000090300000| PB 0x0000000090300000| Untracked |  0
|  88|0x0000000090400000, 0x0000000090400000, 0x0000000090500000|  0%| F|  |TAMS 0x0000000090400000| PB 0x0000000090400000| Untracked |  0
|  89|0x0000000090500000, 0x0000000090500000, 0x0000000090600000|  0%| F|  |TAMS 0x0000000090500000| PB 0x0000000090500000| Untracked |  0
|  90|0x0000000090600000, 0x0000000090600000, 0x0000000090700000|  0%| F|  |TAMS 0x0000000090600000| PB 0x0000000090600000| Untracked |  0
|  91|0x0000000090700000, 0x0000000090800000, 0x0000000090800000|100%| S|CS|TAMS 0x0000000090700000| PB 0x0000000090700000| Complete |  0
|  92|0x0000000090800000, 0x0000000090900000, 0x0000000090900000|100%| S|CS|TAMS 0x0000000090800000| PB 0x0000000090800000| Complete |  0
|  93|0x0000000090900000, 0x0000000090a00000, 0x0000000090a00000|100%| S|CS|TAMS 0x0000000090900000| PB 0x0000000090900000| Complete |  0
|  94|0x0000000090a00000, 0x0000000090a00000, 0x0000000090b00000|  0%| F|  |TAMS 0x0000000090a00000| PB 0x0000000090a00000| Untracked |  0
|  95|0x0000000090b00000, 0x0000000090b00000, 0x0000000090c00000|  0%| F|  |TAMS 0x0000000090b00000| PB 0x0000000090b00000| Untracked |  0
|  96|0x0000000090c00000, 0x0000000090cddc08, 0x0000000090d00000| 86%| E|  |TAMS 0x0000000090c00000| PB 0x0000000090c00000| Complete |  1
|  97|0x0000000090d00000, 0x0000000090e00000, 0x0000000090e00000|100%| E|CS|TAMS 0x0000000090d00000| PB 0x0000000090d00000| Complete |  0
|  98|0x0000000090e00000, 0x0000000090f00000, 0x0000000090f00000|100%| E|CS|TAMS 0x0000000090e00000| PB 0x0000000090e00000| Complete |  0
|  99|0x0000000090f00000, 0x0000000091000000, 0x0000000091000000|100%| E|CS|TAMS 0x0000000090f00000| PB 0x0000000090f00000| Complete |  0
| 100|0x0000000091000000, 0x0000000091100000, 0x0000000091100000|100%| E|CS|TAMS 0x0000000091000000| PB 0x0000000091000000| Complete |  0
| 101|0x0000000091100000, 0x0000000091200000, 0x0000000091200000|100%| E|CS|TAMS 0x0000000091100000| PB 0x0000000091100000| Complete |  0
| 102|0x0000000091200000, 0x0000000091300000, 0x0000000091300000|100%| E|CS|TAMS 0x0000000091200000| PB 0x0000000091200000| Complete |  0
| 103|0x0000000091300000, 0x0000000091400000, 0x0000000091400000|100%| E|CS|TAMS 0x0000000091300000| PB 0x0000000091300000| Complete |  0
| 104|0x0000000091400000, 0x0000000091500000, 0x0000000091500000|100%| E|CS|TAMS 0x0000000091400000| PB 0x0000000091400000| Complete |  0
| 105|0x0000000091500000, 0x0000000091600000, 0x0000000091600000|100%| E|CS|TAMS 0x0000000091500000| PB 0x0000000091500000| Complete |  0
| 106|0x0000000091600000, 0x0000000091700000, 0x0000000091700000|100%| E|CS|TAMS 0x0000000091600000| PB 0x0000000091600000| Complete |  0
| 107|0x0000000091700000, 0x0000000091800000, 0x0000000091800000|100%| E|CS|TAMS 0x0000000091700000| PB 0x0000000091700000| Complete |  0
| 108|0x0000000091800000, 0x0000000091900000, 0x0000000091900000|100%| E|CS|TAMS 0x0000000091800000| PB 0x0000000091800000| Complete |  0
| 109|0x0000000091900000, 0x0000000091a00000, 0x0000000091a00000|100%| E|CS|TAMS 0x0000000091900000| PB 0x0000000091900000| Complete |  0
| 110|0x0000000091a00000, 0x0000000091b00000, 0x0000000091b00000|100%| E|CS|TAMS 0x0000000091a00000| PB 0x0000000091a00000| Complete |  0
| 111|0x0000000091b00000, 0x0000000091c00000, 0x0000000091c00000|100%| E|CS|TAMS 0x0000000091b00000| PB 0x0000000091b00000| Complete |  0
| 112|0x0000000091c00000, 0x0000000091d00000, 0x0000000091d00000|100%| E|CS|TAMS 0x0000000091c00000| PB 0x0000000091c00000| Complete |  0
| 113|0x0000000091d00000, 0x0000000091e00000, 0x0000000091e00000|100%| E|CS|TAMS 0x0000000091d00000| PB 0x0000000091d00000| Complete |  0
| 114|0x0000000091e00000, 0x0000000091f00000, 0x0000000091f00000|100%| E|CS|TAMS 0x0000000091e00000| PB 0x0000000091e00000| Complete |  0
| 115|0x0000000091f00000, 0x0000000092000000, 0x0000000092000000|100%| E|CS|TAMS 0x0000000091f00000| PB 0x0000000091f00000| Complete |  0
| 116|0x0000000092000000, 0x0000000092100000, 0x0000000092100000|100%| E|CS|TAMS 0x0000000092000000| PB 0x0000000092000000| Complete |  0
| 117|0x0000000092100000, 0x0000000092200000, 0x0000000092200000|100%| E|CS|TAMS 0x0000000092100000| PB 0x0000000092100000| Complete |  0

Card table byte_map: [0x000001edfe1a0000,0x000001edfe550000] _byte_map_base: 0x000001edfdd4a000

Marking Bits: (CMBitMap*) 0x000001edfd82ef60
 Bits: [0x000001ed97680000, 0x000001ed993d0000)

Polling page: 0x000001edfb5f0000

Metaspace:

Usage:
  Non-class:      7.21 MB used.
      Class:   1007.83 KB used.
       Both:      8.19 MB used.

Virtual space:
  Non-class space:       64.00 MB reserved,       7.31 MB ( 11%) committed,  1 nodes.
      Class space:        1.00 GB reserved,       1.12 MB ( <1%) committed,  1 nodes.
             Both:        1.06 GB reserved,       8.44 MB ( <1%) committed. 

Chunk freelists:
   Non-Class:  7.42 MB
       Class:  14.75 MB
        Both:  22.17 MB

MaxMetaspaceSize: unlimited
CompressedClassSpaceSize: 1.00 GB
Initial GC threshold: 21.00 MB
Current GC threshold: 21.00 MB
CDS: on
 - commit_granule_bytes: 65536.
 - commit_granule_words: 8192.
 - virtual_space_node_default_size: 8388608.
 - enlarge_chunks_in_place: 1.
 - use_allocation_guard: 0.


Internal statistics:

num_allocs_failed_limit: 0.
num_arena_births: 64.
num_arena_deaths: 0.
num_vsnodes_births: 2.
num_vsnodes_deaths: 0.
num_space_committed: 135.
num_space_uncommitted: 0.
num_chunks_returned_to_freelist: 0.
num_chunks_taken_from_freelist: 310.
num_chunk_merges: 0.
num_chunk_splits: 209.
num_chunks_enlarged: 175.
num_inconsistent_stats: 0.

CodeHeap 'non-profiled nmethods': size=120064Kb used=588Kb max_used=588Kb free=119475Kb
 bounds [0x000001ed90140000, 0x000001ed903b0000, 0x000001ed97680000]
CodeHeap 'profiled nmethods': size=120000Kb used=2653Kb max_used=2653Kb free=117346Kb
 bounds [0x000001ed88680000, 0x000001ed88920000, 0x000001ed8fbb0000]
CodeHeap 'non-nmethods': size=5696Kb used=1362Kb max_used=1392Kb free=4333Kb
 bounds [0x000001ed8fbb0000, 0x000001ed8fe20000, 0x000001ed90140000]
CodeCache: size=245760Kb, used=4603Kb, max_used=4633Kb, free=241154Kb
 total_blobs=2310, nmethods=1836, adapters=379, full_count=0
Compilation: enabled, stopped_count=0, restarted_count=0

Compilation events (20 events):
Event: 3.398 Thread 0x000001edff1d7a90 1802       3       java.lang.reflect.ProxyGenerator::toClassDesc (8 bytes)
Event: 3.398 Thread 0x000001edff1d7a90 nmethod 1802 0x000001ed88903b88 code [0x000001ed88903d40, 0x000001ed889044d8]
Event: 3.398 Thread 0x000001edff1d7a90 1804       3       java.lang.classfile.instruction.StackInstruction::of (16 bytes)
Event: 3.399 Thread 0x000001edff1d7a90 nmethod 1804 0x000001ed88904588 code [0x000001ed889046e0, 0x000001ed88904ad0]
Event: 3.399 Thread 0x000001edff1d7a90 1805       3       jdk.internal.classfile.impl.AbstractInstruction$UnboundStackInstruction::<init> (6 bytes)
Event: 3.399 Thread 0x000001edff1d7a90 nmethod 1805 0x000001ed88904b88 code [0x000001ed88904cc0, 0x000001ed88904fc0]
Event: 3.399 Thread 0x000001edff1d7a90 1807       3       jdk.internal.classfile.impl.StackCounter$Target::<init> (15 bytes)
Event: 3.399 Thread 0x000001edff1d7a90 nmethod 1807 0x000001ed88905008 code [0x000001ed88905120, 0x000001ed889052f0]
Event: 3.399 Thread 0x000001edff1d7a90 1808       3       jdk.internal.classfile.impl.DirectMethodBuilder::methodTypeSymbol (58 bytes)
Event: 3.399 Thread 0x000001edff1d7a90 nmethod 1808 0x000001ed88905388 code [0x000001ed88905500, 0x000001ed88905b40]
Event: 3.399 Thread 0x000001edff1d7a90 1809       3       java.lang.classfile.TypeKind::fromDescriptor (232 bytes)
Event: 3.400 Thread 0x000001edff1d7a90 nmethod 1809 0x000001ed88905c08 code [0x000001ed88905ea0, 0x000001ed88906d78]
Event: 3.401 Thread 0x000001edff1d7a90 1811       3       java.lang.invoke.MethodType::changeReturnType (20 bytes)
Event: 3.401 Thread 0x000001edff1d7a90 nmethod 1811 0x000001ed88906e08 code [0x000001ed88906f40, 0x000001ed88907100]
Event: 3.401 Thread 0x000001edff1d7a90 1806       3       java.util.List::of (4 bytes)
Event: 3.401 Thread 0x000001edff1d7a90 nmethod 1806 0x000001ed88907188 code [0x000001ed889072a0, 0x000001ed88907398]
Event: 3.401 Thread 0x000001edff1d7a90 1810       1       jdk.internal.classfile.impl.AbstractAttributeMapper::name (5 bytes)
Event: 3.401 Thread 0x000001edff1d7a90 nmethod 1810 0x000001ed901d0488 code [0x000001ed901d05a0, 0x000001ed901d0668]
Event: 3.404 Thread 0x000001ede17f78a0 nmethod 1795 0x000001ed901d0788 code [0x000001ed901d08c0, 0x000001ed901d0e90]
Event: 3.404 Thread 0x000001ede17f78a0 1803       4       java.util.ArrayList::add (25 bytes)

GC Heap History (2 events):
Event: 2.732 GC heap before
{Heap before GC invocations=0 (full 0):
 garbage-first heap   total reserved 1921024K, committed 120832K, used 23552K [0x000000008ac00000, 0x0000000100000000)
  region size 1024K, 24 young (24576K), 0 survivors (0K)
 Metaspace       used 5932K, committed 6144K, reserved 1114112K
  class space    used 728K, committed 832K, reserved 1048576K
}
Event: 2.746 GC heap after
{Heap after GC invocations=1 (full 0):
 garbage-first heap   total reserved 1921024K, committed 120832K, used 3952K [0x000000008ac00000, 0x0000000100000000)
  region size 1024K, 3 young (3072K), 3 survivors (3072K)
 Metaspace       used 5932K, committed 6144K, reserved 1114112K
  class space    used 728K, committed 832K, reserved 1048576K
}

Dll operation events (8 events):
Event: 0.037 Loaded shared library C:\Program Files\Java\jdk-23\bin\java.dll
Event: 0.190 Loaded shared library C:\Program Files\Java\jdk-23\bin\jsvml.dll
Event: 0.270 Loaded shared library C:\Program Files\Java\jdk-23\bin\net.dll
Event: 0.282 Loaded shared library C:\Program Files\Java\jdk-23\bin\nio.dll
Event: 0.300 Loaded shared library C:\Program Files\Java\jdk-23\bin\zip.dll
Event: 0.999 Loaded shared library C:\Program Files\Java\jdk-23\bin\jimage.dll
Event: 1.001 Loaded shared library C:\Program Files\NetBeans-24\netbeans\java\maven\lib\jansi-native\Windows\x86_64\jansi.dll
Event: 1.056 Loaded shared library C:\Program Files\Java\jdk-23\bin\verify.dll

Deoptimization events (20 events):
Event: 2.891 Thread 0x000001edfd7df570 DEOPT PACKING pc=0x000001ed901b17a0 sp=0x0000004e57bfd2b0
Event: 2.891 Thread 0x000001edfd7df570 DEOPT UNPACKING pc=0x000001ed8fc04402 sp=0x0000004e57bfd228 mode 2
Event: 2.891 Thread 0x000001edfd7df570 Uncommon trap: trap_request=0xffffffde fr.pc=0x000001ed901b17a0 relative=0x0000000000000100
Event: 2.891 Thread 0x000001edfd7df570 Uncommon trap: reason=class_check action=maybe_recompile pc=0x000001ed901b17a0 method=jdk.internal.misc.Unsafe.allocateUninitializedArray(Ljava/lang/Class;I)Ljava/lang/Object; @ 51 c2
Event: 2.891 Thread 0x000001edfd7df570 DEOPT PACKING pc=0x000001ed901b17a0 sp=0x0000004e57bfd350
Event: 2.891 Thread 0x000001edfd7df570 DEOPT UNPACKING pc=0x000001ed8fc04402 sp=0x0000004e57bfd2c8 mode 2
Event: 2.921 Thread 0x000001edfd7df570 Uncommon trap: trap_request=0xffffffc6 fr.pc=0x000001ed9017c420 relative=0x00000000000003c0
Event: 2.921 Thread 0x000001edfd7df570 Uncommon trap: reason=bimorphic_or_optimized_type_check action=maybe_recompile pc=0x000001ed9017c420 method=java.util.concurrent.ConcurrentHashMap.get(Ljava/lang/Object;)Ljava/lang/Object; @ 149 c2
Event: 2.921 Thread 0x000001edfd7df570 DEOPT PACKING pc=0x000001ed9017c420 sp=0x0000004e57bfd2f0
Event: 2.921 Thread 0x000001edfd7df570 DEOPT UNPACKING pc=0x000001ed8fc04402 sp=0x0000004e57bfd260 mode 2
Event: 3.101 Thread 0x000001edfd7df570 Uncommon trap: trap_request=0xffffff45 fr.pc=0x000001ed901bba54 relative=0x0000000000000614
Event: 3.101 Thread 0x000001edfd7df570 Uncommon trap: reason=unstable_if action=reinterpret pc=0x000001ed901bba54 method=java.lang.String.<init>([CIILjava/lang/Void;)V @ 5 c2
Event: 3.101 Thread 0x000001edfd7df570 DEOPT PACKING pc=0x000001ed901bba54 sp=0x0000004e57bfe050
Event: 3.101 Thread 0x000001edfd7df570 DEOPT UNPACKING pc=0x000001ed8fc04402 sp=0x0000004e57bfdef0 mode 2
Event: 3.156 Thread 0x000001edfd7df570 DEOPT PACKING pc=0x000001ed8883964f sp=0x0000004e57bfe1a0
Event: 3.156 Thread 0x000001edfd7df570 DEOPT UNPACKING pc=0x000001ed8fc04b22 sp=0x0000004e57bfd610 mode 0
Event: 3.388 Thread 0x000001edfd7df570 Uncommon trap: trap_request=0xffffffc6 fr.pc=0x000001ed901b7af4 relative=0x0000000000000314
Event: 3.388 Thread 0x000001edfd7df570 Uncommon trap: reason=bimorphic_or_optimized_type_check action=maybe_recompile pc=0x000001ed901b7af4 method=java.util.HashMap.getNode(Ljava/lang/Object;)Ljava/util/HashMap$Node; @ 128 c2
Event: 3.388 Thread 0x000001edfd7df570 DEOPT PACKING pc=0x000001ed901b7af4 sp=0x0000004e57bfe530
Event: 3.388 Thread 0x000001edfd7df570 DEOPT UNPACKING pc=0x000001ed8fc04402 sp=0x0000004e57bfe4a8 mode 2

Classes loaded (20 events):
Event: 2.853 Loading class jdk/internal/foreign/MemorySessionImpl
Event: 2.854 Loading class java/lang/foreign/MemorySegment$Scope
Event: 2.854 Loading class java/lang/foreign/MemorySegment$Scope done
Event: 2.854 Loading class jdk/internal/foreign/MemorySessionImpl done
Event: 2.883 Loading class java/lang/ArrayIndexOutOfBoundsException
Event: 2.883 Loading class java/lang/ArrayIndexOutOfBoundsException done
Event: 3.257 Loading class java/lang/Deprecated
Event: 3.257 Loading class java/lang/Deprecated done
Event: 3.348 Loading class java/lang/invoke/MethodHandle$1
Event: 3.349 Loading class java/lang/invoke/MethodHandle$1 done
Event: 3.365 Loading class sun/reflect/generics/tree/BottomSignature
Event: 3.365 Loading class sun/reflect/generics/tree/BottomSignature done
Event: 3.365 Loading class sun/reflect/generics/tree/Wildcard
Event: 3.365 Loading class sun/reflect/generics/tree/Wildcard done
Event: 3.365 Loading class sun/reflect/generics/reflectiveObjects/WildcardTypeImpl
Event: 3.365 Loading class sun/reflect/generics/reflectiveObjects/WildcardTypeImpl done
Event: 3.365 Loading class sun/reflect/annotation/AnnotatedTypeFactory$AnnotatedParameterizedTypeImpl
Event: 3.366 Loading class java/lang/reflect/AnnotatedParameterizedType
Event: 3.366 Loading class java/lang/reflect/AnnotatedParameterizedType done
Event: 3.366 Loading class sun/reflect/annotation/AnnotatedTypeFactory$AnnotatedParameterizedTypeImpl done

Classes unloaded (0 events):
No events

Classes redefined (0 events):
No events

Internal exceptions (20 events):
Event: 1.011 Thread 0x000001edfd7df570 Exception <a 'java/lang/NullPointerException'{0x0000000091ddd300}> (0x0000000091ddd300) 
thrown [s\open\src\hotspot\share\interpreter\linkResolver.cpp, line 1389]
Event: 1.019 Thread 0x000001edfd7df570 Exception <a 'java/lang/NullPointerException'{0x0000000091df0b28}> (0x0000000091df0b28) 
thrown [s\open\src\hotspot\share\interpreter\linkResolver.cpp, line 1389]
Event: 1.019 Thread 0x000001edfd7df570 Exception <a 'java/lang/NullPointerException'{0x0000000091df0e08}> (0x0000000091df0e08) 
thrown [s\open\src\hotspot\share\interpreter\linkResolver.cpp, line 1389]
Event: 1.019 Thread 0x000001edfd7df570 Exception <a 'java/lang/NullPointerException'{0x0000000091df10e8}> (0x0000000091df10e8) 
thrown [s\open\src\hotspot\share\interpreter\linkResolver.cpp, line 1389]
Event: 1.019 Thread 0x000001edfd7df570 Exception <a 'java/lang/NullPointerException'{0x0000000091df13c8}> (0x0000000091df13c8) 
thrown [s\open\src\hotspot\share\interpreter\linkResolver.cpp, line 1389]
Event: 1.042 Thread 0x000001edfd7df570 Exception <a 'sun/nio/fs/WindowsException'{0x0000000091c23b00}> (0x0000000091c23b00) 
thrown [s\open\src\hotspot\share\prims\jni.cpp, line 520]
Event: 1.045 Thread 0x000001edfd7df570 Exception <a 'sun/nio/fs/WindowsException'{0x0000000091c24190}> (0x0000000091c24190) 
thrown [s\open\src\hotspot\share\prims\jni.cpp, line 520]
Event: 1.045 Thread 0x000001edfd7df570 Exception <a 'sun/nio/fs/WindowsException'{0x0000000091c246a0}> (0x0000000091c246a0) 
thrown [s\open\src\hotspot\share\prims\jni.cpp, line 520]
Event: 1.045 Thread 0x000001edfd7df570 Exception <a 'sun/nio/fs/WindowsException'{0x0000000091c24ba8}> (0x0000000091c24ba8) 
thrown [s\open\src\hotspot\share\prims\jni.cpp, line 520]
Event: 1.045 Thread 0x000001edfd7df570 Exception <a 'sun/nio/fs/WindowsException'{0x0000000091c25068}> (0x0000000091c25068) 
thrown [s\open\src\hotspot\share\prims\jni.cpp, line 520]
Event: 1.113 Thread 0x000001edfd7df570 Exception <a 'java/lang/NoSuchMethodError'{0x0000000091c71998}: 'void java.lang.invoke.DirectMethodHandle$Holder.invokeStatic(java.lang.Object, java.lang.Object)'> (0x0000000091c71998) 
thrown [s\open\src\hotspot\share\interpreter\linkResolver.cpp, line 796]
Event: 1.114 Thread 0x000001edfd7df570 Exception <a 'java/lang/NoSuchMethodError'{0x0000000091c74db0}: 'void java.lang.invoke.DirectMethodHandle$Holder.invokeStaticInit(java.lang.Object, java.lang.Object)'> (0x0000000091c74db0) 
thrown [s\open\src\hotspot\share\interpreter\linkResolver.cpp, line 796]
Event: 1.459 Thread 0x000001edfd7df570 Exception <a 'java/lang/NoSuchMethodError'{0x0000000091aa8e68}: 'java.lang.Object java.lang.invoke.DirectMethodHandle$Holder.invokeSpecialIFC(java.lang.Object, java.lang.Object, java.lang.Object, java.lang.Object)'> (0x0000000091aa8e68) 
thrown [s\open\src\hotspot\share\interpreter\linkResolver.cpp, line 796]
Event: 2.166 Thread 0x000001edfd7df570 Exception <a 'java/lang/NoSuchMethodError'{0x000000009144be18}: 'void java.lang.invoke.DirectMethodHandle$Holder.invokeSpecial(java.lang.Object, java.lang.Object, java.lang.Object)'> (0x000000009144be18) 
thrown [s\open\src\hotspot\share\interpreter\linkResolver.cpp, line 796]
Event: 2.306 Thread 0x000001edfd7df570 Exception <a 'java/lang/NoSuchMethodError'{0x0000000091397118}: 'java.lang.Object java.lang.invoke.DirectMethodHandle$Holder.invokeInterface(java.lang.Object, java.lang.Object)'> (0x0000000091397118) 
thrown [s\open\src\hotspot\share\interpreter\linkResolver.cpp, line 796]
Event: 2.352 Thread 0x000001edfd7df570 Exception <a 'java/lang/NoSuchMethodError'{0x00000000912306d8}: 'int java.lang.invoke.DirectMethodHandle$Holder.invokeStatic(java.lang.Object, java.lang.Object, java.lang.Object, java.lang.Object)'> (0x00000000912306d8) 
thrown [s\open\src\hotspot\share\interpreter\linkResolver.cpp, line 796]
Event: 2.355 Thread 0x000001edfd7df570 Exception <a 'java/lang/NoSuchMethodError'{0x000000009123f028}: 'int java.lang.invoke.DirectMethodHandle$Holder.invokeSpecialIFC(java.lang.Object, java.lang.Object, java.lang.Object, java.lang.Object, java.lang.Object)'> (0x000000009123f028) 
thrown [s\open\src\hotspot\share\interpreter\linkResolver.cpp, line 796]
Event: 2.464 Thread 0x000001edfd7df570 Exception <a 'java/lang/NoSuchMethodError'{0x00000000911d0db0}: 'void java.lang.invoke.DirectMethodHandle$Holder.invokeStatic(java.lang.Object, int, java.lang.Object)'> (0x00000000911d0db0) 
thrown [s\open\src\hotspot\share\interpreter\linkResolver.cpp, line 796]
Event: 2.568 Thread 0x000001edfd7df570 Exception <a 'java/lang/NoSuchMethodError'{0x0000000090f3d520}: 'int java.lang.invoke.DirectMethodHandle$Holder.invokeStaticInit(java.lang.Object, java.lang.Object)'> (0x0000000090f3d520) 
thrown [s\open\src\hotspot\share\interpreter\linkResolver.cpp, line 796]
Event: 2.586 Thread 0x000001edfd7df570 Exception <a 'java/lang/NoClassDefFoundError'{0x0000000090f72c00}: javax/enterprise/inject/Typed> (0x0000000090f72c00) 
thrown [s\open\src\hotspot\share\classfile\systemDictionary.cpp, line 302]

VM Operations (10 events):
Event: 0.303 Executing VM operation: HandshakeAllThreads (Deoptimize)
Event: 0.304 Executing VM operation: HandshakeAllThreads (Deoptimize) done
Event: 0.961 Executing VM operation: HandshakeAllThreads (Deoptimize)
Event: 0.961 Executing VM operation: HandshakeAllThreads (Deoptimize) done
Event: 1.054 Executing VM operation: HandshakeAllThreads (Deoptimize)
Event: 1.070 Executing VM operation: HandshakeAllThreads (Deoptimize) done
Event: 1.073 Executing VM operation: HandshakeAllThreads (Deoptimize)
Event: 1.073 Executing VM operation: HandshakeAllThreads (Deoptimize) done
Event: 2.732 Executing VM operation: G1CollectForAllocation (G1 Evacuation Pause)
Event: 2.746 Executing VM operation: G1CollectForAllocation (G1 Evacuation Pause) done

Memory protections (0 events):
No events

Nmethod flushes (0 events):
No events

Events (14 events):
Event: 0.135 Thread 0x000001edfd7df570 Thread added: 0x000001edfd7df570
Event: 0.178 Thread 0x000001edfd7df570 Thread added: 0x000001edff19a250
Event: 0.178 Thread 0x000001edfd7df570 Thread added: 0x000001edff19c830
Event: 0.180 Thread 0x000001edfd7df570 Thread added: 0x000001edff1a01a0
Event: 0.180 Thread 0x000001edfd7df570 Thread added: 0x000001edff1a0c00
Event: 0.180 Thread 0x000001edfd7df570 Thread added: 0x000001edff1a1660
Event: 0.180 Thread 0x000001edfd7df570 Thread added: 0x000001edff1a20c0
Event: 0.180 Thread 0x000001edfd7df570 Thread added: 0x000001edff1a6e60
Event: 0.185 Thread 0x000001edfd7df570 Thread added: 0x000001edff1d7a90
Event: 0.242 Thread 0x000001edfd7df570 Thread added: 0x000001ed9b4f6cf0
Event: 0.252 Thread 0x000001edfd7df570 Thread added: 0x000001ed9b501b90
Event: 0.982 Thread 0x000001edfd7df570 Thread added: 0x000001ed9b795660
Event: 2.154 Thread 0x000001ed9b795660 Thread exited: 0x000001ed9b795660
Event: 2.612 Thread 0x000001edff1a6e60 Thread added: 0x000001ede17f78a0


Dynamic libraries:
0x00007ff797300000 - 0x00007ff797310000 	C:\Program Files\Java\jdk-23\bin\java.exe
0x00007ffc3f320000 - 0x00007ffc3f583000 	C:\WINDOWS\SYSTEM32\ntdll.dll
0x00007ffc3df10000 - 0x00007ffc3dfd7000 	C:\WINDOWS\System32\KERNEL32.DLL
0x00007ffc3caa0000 - 0x00007ffc3ce69000 	C:\WINDOWS\System32\KERNELBASE.dll
0x00007ffc3c520000 - 0x00007ffc3c66c000 	C:\WINDOWS\System32\ucrtbase.dll
0x00007ffc35440000 - 0x00007ffc35457000 	C:\Program Files\Java\jdk-23\bin\jli.dll
0x00007ffc3dc20000 - 0x00007ffc3ddea000 	C:\WINDOWS\System32\USER32.dll
0x00007ffc3cfc0000 - 0x00007ffc3cfe7000 	C:\WINDOWS\System32\win32u.dll
0x00007ffc22710000 - 0x00007ffc229a0000 	C:\WINDOWS\WinSxS\amd64_microsoft.windows.common-controls_6595b64144ccf1df_6.0.26100.3323_none_3e088096e3344490\COMCTL32.dll
0x00007ffc352b0000 - 0x00007ffc352cb000 	C:\Program Files\Java\jdk-23\bin\VCRUNTIME140.dll
0x00007ffc3de50000 - 0x00007ffc3def9000 	C:\WINDOWS\System32\msvcrt.dll
0x00007ffc3e970000 - 0x00007ffc3e99a000 	C:\WINDOWS\System32\GDI32.dll
0x00007ffc3c670000 - 0x00007ffc3c7a1000 	C:\WINDOWS\System32\gdi32full.dll
0x00007ffc3ce70000 - 0x00007ffc3cf13000 	C:\WINDOWS\System32\msvcp_win.dll
0x00007ffc3dff0000 - 0x00007ffc3e01f000 	C:\WINDOWS\System32\IMM32.DLL
0x00007ffc35280000 - 0x00007ffc3528c000 	C:\Program Files\Java\jdk-23\bin\vcruntime140_1.dll
0x00007ffc08310000 - 0x00007ffc0839e000 	C:\Program Files\Java\jdk-23\bin\msvcp140.dll
0x00007ffb8bbd0000 - 0x00007ffb8c920000 	C:\Program Files\Java\jdk-23\bin\server\jvm.dll
0x00007ffc3e800000 - 0x00007ffc3e8b2000 	C:\WINDOWS\System32\ADVAPI32.dll
0x00007ffc3da90000 - 0x00007ffc3db36000 	C:\WINDOWS\System32\sechost.dll
0x00007ffc3f110000 - 0x00007ffc3f226000 	C:\WINDOWS\System32\RPCRT4.dll
0x00007ffc3e9a0000 - 0x00007ffc3ea14000 	C:\WINDOWS\System32\WS2_32.dll
0x00007ffc3c300000 - 0x00007ffc3c34e000 	C:\WINDOWS\SYSTEM32\POWRPROF.dll
0x00007ffc34780000 - 0x00007ffc3478b000 	C:\WINDOWS\SYSTEM32\VERSION.dll
0x00007ffc34740000 - 0x00007ffc34776000 	C:\WINDOWS\SYSTEM32\WINMM.dll
0x00007ffc3c2e0000 - 0x00007ffc3c2f4000 	C:\WINDOWS\SYSTEM32\UMPDC.dll
0x00007ffc3b2e0000 - 0x00007ffc3b2fa000 	C:\WINDOWS\SYSTEM32\kernel.appcore.dll
0x00007ffc34f80000 - 0x00007ffc34f8a000 	C:\Program Files\Java\jdk-23\bin\jimage.dll
0x00007ffc30930000 - 0x00007ffc30b71000 	C:\WINDOWS\SYSTEM32\DBGHELP.DLL
0x00007ffc3e040000 - 0x00007ffc3e3c2000 	C:\WINDOWS\System32\combase.dll
0x00007ffc3db40000 - 0x00007ffc3dc16000 	C:\WINDOWS\System32\OLEAUT32.dll
0x00007ffc1dd10000 - 0x00007ffc1dd49000 	C:\WINDOWS\SYSTEM32\dbgcore.DLL
0x00007ffc3cf20000 - 0x00007ffc3cfb9000 	C:\WINDOWS\System32\bcryptPrimitives.dll
0x00007ffc23930000 - 0x00007ffc2394e000 	C:\Program Files\Java\jdk-23\bin\java.dll
0x00007ffc3e3d0000 - 0x00007ffc3e565000 	C:\WINDOWS\System32\ole32.dll
0x00007ffc3d320000 - 0x00007ffc3da35000 	C:\WINDOWS\System32\SHELL32.dll
0x00007ffc3c7b0000 - 0x00007ffc3c918000 	C:\WINDOWS\System32\wintypes.dll
0x00007ffc3a200000 - 0x00007ffc3aa45000 	C:\WINDOWS\SYSTEM32\windows.storage.dll
0x00007ffc3eec0000 - 0x00007ffc3efab000 	C:\WINDOWS\System32\SHCORE.dll
0x00007ffc3ddf0000 - 0x00007ffc3de4d000 	C:\WINDOWS\System32\shlwapi.dll
0x00007ffc3c430000 - 0x00007ffc3c45f000 	C:\WINDOWS\SYSTEM32\profapi.dll
0x00007ffc03570000 - 0x00007ffc03647000 	C:\Program Files\Java\jdk-23\bin\jsvml.dll
0x00007ffc2c720000 - 0x00007ffc2c730000 	C:\Program Files\Java\jdk-23\bin\net.dll
0x00007ffc3b860000 - 0x00007ffc3b8ca000 	C:\WINDOWS\system32\mswsock.dll
0x00007ffc22630000 - 0x00007ffc22646000 	C:\Program Files\Java\jdk-23\bin\nio.dll
0x00007ffc22570000 - 0x00007ffc22587000 	C:\Program Files\Java\jdk-23\bin\zip.dll
0x00007ffc213f0000 - 0x00007ffc21414000 	C:\Program Files\NetBeans-24\netbeans\java\maven\lib\jansi-native\Windows\x86_64\jansi.dll
0x00007ffc23920000 - 0x00007ffc23930000 	C:\Program Files\Java\jdk-23\bin\verify.dll

dbghelp: loaded successfully - version: 4.0.5 - missing functions: none
symbol engine: initialized successfully - sym options: 0x614 - pdb path: .;C:\Program Files\Java\jdk-23\bin;C:\WINDOWS\SYSTEM32;C:\WINDOWS\WinSxS\amd64_microsoft.windows.common-controls_6595b64144ccf1df_6.0.26100.3323_none_3e088096e3344490;C:\Program Files\Java\jdk-23\bin\server;C:\Program Files\NetBeans-24\netbeans\java\maven\lib\jansi-native\Windows\x86_64

VM Arguments:
jvm_args: -Dclassworlds.conf=C:\Program Files\NetBeans-24\netbeans\java\maven\bin\m2.conf -Dmaven.home=C:\Program Files\NetBeans-24\netbeans\java\maven -Dlibrary.jansi.path=C:\Program Files\NetBeans-24\netbeans\java\maven\lib\jansi-native -Dmaven.multiModuleProjectDirectory=C:\Users\HP\Desktop\ismt_sem1_assignment2-main 
java_command: org.codehaus.plexus.classworlds.launcher.Launcher -Dexec.vmArgs= -Dexec.args=${exec.vmArgs} -classpath %classpath ${exec.mainClass} ${exec.appArgs} -Dexec.appArgs= -Dexec.mainClass=com.ismt.assignment2.Assignment2 -Dexec.executable=C:\Program Files\Java\jdk-23\bin\java.exe -Dmaven.ext.class.path=C:\Program Files\NetBeans-24\netbeans\java\maven-nblib\netbeans-eventspy.jar --no-transfer-progress process-classes org.codehaus.mojo:exec-maven-plugin:3.1.0:exec
java_class_path (initial): C:\Program Files\NetBeans-24\netbeans\java\maven\boot\plexus-classworlds-2.8.0.jar
Launcher Type: SUN_STANDARD

[Global flags]
     intx CICompilerCount                          = 4                                         {product} {ergonomic}
     uint ConcGCThreads                            = 3                                         {product} {ergonomic}
     uint G1ConcRefinementThreads                  = 10                                        {product} {ergonomic}
   size_t G1HeapRegionSize                         = 1048576                                   {product} {ergonomic}
   size_t InitialHeapSize                          = 123731968                                 {product} {ergonomic}
   size_t MarkStackSize                            = 4194304                                   {product} {ergonomic}
   size_t MarkStackSizeMax                         = 536870912                                 {product} {ergonomic}
   size_t MaxHeapSize                              = 1967128576                                {product} {ergonomic}
   size_t MaxNewSize                               = 1179648000                                {product} {ergonomic}
   size_t MinHeapDeltaBytes                        = 1048576                                   {product} {ergonomic}
   size_t MinHeapSize                              = 8388608                                   {product} {ergonomic}
    uintx NonNMethodCodeHeapSize                   = 5832704                                {pd product} {ergonomic}
    uintx NonProfiledCodeHeapSize                  = 122945536                              {pd product} {ergonomic}
    uintx ProfiledCodeHeapSize                     = 122880000                              {pd product} {ergonomic}
    uintx ReservedCodeCacheSize                    = 251658240                              {pd product} {ergonomic}
     bool SegmentedCodeCache                       = true                                      {product} {ergonomic}
   size_t SoftMaxHeapSize                          = 1967128576                             {manageable} {ergonomic}
     bool UseCompressedOops                        = true                           {product lp64_product} {ergonomic}
     bool UseG1GC                                  = true                                      {product} {ergonomic}
     bool UseLargePagesIndividualAllocation        = false                                  {pd product} {ergonomic}

Logging:
Log output configuration:
 #0: stdout all=warning uptime,level,tags foldmultilines=false
 #1: stderr all=off uptime,level,tags foldmultilines=false

Environment Variables:
JAVA_HOME=C:\Program Files\Java\jdk-23
PATH=C:\Program Files (x86)\VMware\VMware Player\bin\;C:\Program Files\Common Files\Oracle\Java\javapath;C:\WINDOWS\system32;C:\WINDOWS;C:\WINDOWS\System32\Wbem;C:\WINDOWS\System32\WindowsPowerShell\v1.0\;C:\WINDOWS\System32\OpenSSH\;C:\Program Files\nodejs\;C:\Program Files\Git\cmd;C:\Users\HP\AppData\Local\Programs\Python\Python314\Scripts\;C:\Users\HP\AppData\Local\Programs\Python\Python314\;C:\Users\HP\AppData\Local\Programs\Python\Launcher\;C:\Users\HP\AppData\Local\Microsoft\WindowsApps;C:\Users\HP\AppData\Roaming\npm;C:\Users\HP\AppData\Local\Programs\Microsoft VS Code\bin;
USERNAME=HP
OS=Windows_NT
PROCESSOR_IDENTIFIER=AMD64 Family 23 Model 104 Stepping 1, AuthenticAMD
TMP=C:\Users\HP\AppData\Local\Temp
TEMP=C:\Users\HP\AppData\Local\Temp




Periodic native trim disabled

---------------  S Y S T E M  ---------------

OS:
 Windows 11 , 64 bit Build 26100 (10.0.26100.3323)
OS uptime: 13 days 15:20 hours
Hyper-V role detected

CPU: total 12 (initial active 12) (12 cores per cpu, 2 threads per core) family 23 model 104 stepping 1 microcode 0x8608107, cx8, cmov, fxsr, ht, mmx, 3dnowpref, sse, sse2, sse3, ssse3, sse4a, sse4.1, sse4.2, popcnt, lzcnt, tsc, tscinvbit, avx, avx2, aes, clmul, bmi1, bmi2, adx, sha, fma, vzeroupper, clflush, clflushopt, hv, rdtscp, rdpid, f16c
Processor Information for processor 0
  Max Mhz: 2100, Current Mhz: 2100, Mhz Limit: 2100
Processor Information for processor 1
  Max Mhz: 2100, Current Mhz: 2100, Mhz Limit: 2100
Processor Information for processor 2
  Max Mhz: 2100, Current Mhz: 1813, Mhz Limit: 2100
Processor Information for processor 3
  Max Mhz: 2100, Current Mhz: 2100, Mhz Limit: 2100
Processor Information for processor 4
  Max Mhz: 2100, Current Mhz: 1813, Mhz Limit: 2100
Processor Information for processor 5
  Max Mhz: 2100, Current Mhz: 1813, Mhz Limit: 2100
Processor Information for processor 6
  Max Mhz: 2100, Current Mhz: 2100, Mhz Limit: 2100
Processor Information for processor 7
  Max Mhz: 2100, Current Mhz: 1813, Mhz Limit: 2100
Processor Information for processor 8
  Max Mhz: 2100, Current Mhz: 2100, Mhz Limit: 2100
Processor Information for processor 9
  Max Mhz: 2100, Current Mhz: 2100, Mhz Limit: 2100
Processor Information for processor 10
  Max Mhz: 2100, Current Mhz: 2100, Mhz Limit: 2100
Processor Information for processor 11
  Max Mhz: 2100, Current Mhz: 1813, Mhz Limit: 2100

Memory: 4k page, system-wide physical 7501M (627M free)
TotalPageFile size 19789M (AvailPageFile size 21M)
current process WorkingSet (physical memory assigned to process): 91M, peak: 94M
current process commit charge ("private bytes"): 225M, peak: 230M

vm_info: Java HotSpot(TM) 64-Bit Server VM (23.0.2+7-58) for windows-amd64 JRE (23.0.2+7-58), built on 2024-11-29T09:34:55Z with MS VC++ 17.6 (VS2022)

END.
